<?xml version="1.0" encoding="UTF-8"?>
<!-- Generated by org.testng.reporters.JUnitXMLReporter -->
<testsuite hostname="pop-os" failures="0" tests="100" name="Surefire test" time="0.169" errors="0" timestamp="26 Jun 2020 13:15:56 GMT">
  <testcase classname="calculator.TranslatorImplTest" name="testTranslateDummy" time="0.005"/>
  <testcase classname="calculator.TranslatorImplTest" name="testTranslateDummy" time="0.001"/>
  <testcase classname="calculator.TranslatorImplTest" name="testTranslateDummy" time="0.001"/>
  <testcase classname="calculator.TranslatorImplTest" name="testTranslateDummy" time="0.001"/>
  <testcase classname="calculator.TranslatorImplTest" name="testTranslateDummy" time="0.0"/>
  <testcase classname="calculator.TranslatorImplTest" name="testTranslateDummy" time="0.0"/>
  <testcase classname="calculator.TranslatorImplTest" name="testTranslateDummy" time="0.012"/>
  <testcase classname="calculator.TranslatorImplTest" name="testTranslateDummy" time="0.007"/>
  <testcase classname="calculator.TranslatorImplTest" name="testTranslateDummy" time="0.005"/>
  <testcase classname="calculator.TranslatorImplTest" name="testTranslateDummy" time="0.007"/>
  <testcase classname="calculator.TranslatorImplTest" name="testTranslateDummy" time="0.0"/>
  <testcase classname="calculator.TranslatorImplTest" name="testTranslateDummy" time="0.0"/>
  <testcase classname="calculator.TranslatorImplTest" name="testTranslateDummy" time="0.0"/>
  <testcase classname="calculator.TranslatorImplTest" name="testTranslateDummy" time="0.0"/>
  <testcase classname="calculator.TranslatorImplTest" name="testTranslateDummy" time="0.0"/>
  <testcase classname="calculator.TranslatorImplTest" name="testTranslateDummy" time="0.001"/>
  <testcase classname="calculator.TranslatorImplTest" name="testTranslateDummy" time="0.0"/>
  <testcase classname="calculator.TranslatorImplTest" name="testTranslateDummy" time="0.002"/>
  <testcase classname="calculator.TranslatorImplTest" name="testTranslateDummy" time="0.003"/>
  <testcase classname="calculator.TranslatorImplTest" name="testTranslateDummy" time="0.0"/>
  <testcase classname="calculator.TranslatorImplTest" name="testTranslateDummy" time="0.0"/>
  <testcase classname="calculator.TranslatorImplTest" name="testTranslateDummy" time="0.0"/>
  <testcase classname="calculator.TranslatorImplTest" name="testTranslateDummy" time="0.001"/>
  <testcase classname="calculator.TranslatorImplTest" name="testTranslateDummy" time="0.0"/>
  <testcase classname="calculator.TranslatorImplTest" name="testTranslateDummy" time="0.0"/>
  <testcase classname="calculator.TranslatorImplTest" name="testTranslateDummy" time="0.0"/>
  <testcase classname="calculator.TranslatorImplTest" name="testTranslateDummy" time="0.0"/>
  <testcase classname="calculator.TranslatorImplTest" name="testTranslateDummy" time="0.0"/>
  <testcase classname="calculator.TranslatorImplTest" name="testTranslateDummy" time="0.011"/>
  <testcase classname="calculator.TranslatorImplTest" name="testTranslateDummy" time="0.002"/>
  <testcase classname="calculator.TranslatorImplTest" name="testTranslateDummy" time="0.001"/>
  <testcase classname="calculator.TranslatorImplTest" name="testTranslateDummy" time="0.0"/>
  <testcase classname="calculator.TranslatorImplTest" name="testTranslateDummy" time="0.0"/>
  <testcase classname="calculator.TranslatorImplTest" name="testTranslateDummy" time="0.0"/>
  <testcase classname="calculator.TranslatorImplTest" name="testTranslateDummy" time="0.0"/>
  <testcase classname="calculator.TranslatorImplTest" name="testTranslateDummy" time="0.001"/>
  <testcase classname="calculator.TranslatorImplTest" name="testTranslateDummy" time="0.001"/>
  <testcase classname="calculator.TranslatorImplTest" name="testTranslateDummy" time="0.01"/>
  <testcase classname="calculator.TranslatorImplTest" name="testTranslateDummy" time="0.0"/>
  <testcase classname="calculator.TranslatorImplTest" name="testTranslateDummy" time="0.0"/>
  <testcase classname="calculator.TranslatorImplTest" name="testTranslateDummy" time="0.0"/>
  <testcase classname="calculator.TranslatorImplTest" name="testTranslateDummy" time="0.0"/>
  <testcase classname="calculator.TranslatorImplTest" name="testTranslateDummy" time="0.0"/>
  <testcase classname="calculator.TranslatorImplTest" name="testTranslateDummy" time="0.0"/>
  <testcase classname="calculator.TranslatorImplTest" name="testTranslateDummy" time="0.0"/>
  <testcase classname="calculator.TranslatorImplTest" name="testTranslateDummy" time="0.007"/>
  <testcase classname="calculator.TranslatorImplTest" name="testTranslateDummy" time="0.0"/>
  <testcase classname="calculator.TranslatorImplTest" name="testTranslateDummy" time="0.0"/>
  <testcase classname="calculator.TranslatorImplTest" name="testTranslateDummy" time="0.016"/>
  <testcase classname="calculator.TranslatorImplTest" name="testTranslateDummy" time="0.0"/>
  <testcase classname="calculator.TranslatorImplTest" name="testTranslateDummy" time="0.018"/>
  <testcase classname="calculator.TranslatorImplTest" name="testTranslateDummy" time="0.0"/>
  <testcase classname="calculator.TranslatorImplTest" name="testTranslateDummy" time="0.014"/>
  <testcase classname="calculator.TranslatorImplTest" name="testTranslateDummy" time="0.0"/>
  <testcase classname="calculator.TranslatorImplTest" name="testTranslateDummy" time="0.0"/>
  <testcase classname="calculator.TranslatorImplTest" name="testTranslateDummy" time="0.0"/>
  <testcase classname="calculator.TranslatorImplTest" name="testTranslateDummy" time="0.0"/>
  <testcase classname="calculator.TranslatorImplTest" name="testTranslateDummy" time="0.0"/>
  <testcase classname="calculator.TranslatorImplTest" name="testTranslateDummy" time="0.0"/>
  <testcase classname="calculator.TranslatorImplTest" name="testTranslateDummy" time="0.0"/>
  <testcase classname="calculator.TranslatorImplTest" name="testTranslateDummy" time="0.0"/>
  <testcase classname="calculator.TranslatorImplTest" name="testTranslateDummy" time="0.0"/>
  <testcase classname="calculator.TranslatorImplTest" name="testTranslateDummy" time="0.004"/>
  <testcase classname="calculator.TranslatorImplTest" name="testTranslateDummy" time="0.0"/>
  <testcase classname="calculator.TranslatorImplTest" name="testTranslateDummy" time="0.0"/>
  <testcase classname="calculator.TranslatorImplTest" name="testTranslateDummy" time="0.0"/>
  <testcase classname="calculator.TranslatorImplTest" name="testTranslateDummy" time="0.0"/>
  <testcase classname="calculator.TranslatorImplTest" name="testTranslateDummy" time="0.0"/>
  <testcase classname="calculator.TranslatorImplTest" name="testTranslateDummy" time="0.0"/>
  <testcase classname="calculator.TranslatorImplTest" name="testTranslateDummy" time="0.0"/>
  <testcase classname="calculator.TranslatorImplTest" name="testTranslateDummy" time="0.0"/>
  <testcase classname="calculator.TranslatorImplTest" name="testTranslateDummy" time="0.0"/>
  <testcase classname="calculator.TranslatorImplTest" name="testTranslateDummy" time="0.0"/>
  <testcase classname="calculator.TranslatorImplTest" name="testTranslateDummy" time="0.001"/>
  <testcase classname="calculator.TranslatorImplTest" name="testTranslateDummy" time="0.0"/>
  <testcase classname="calculator.TranslatorImplTest" name="testTranslateDummy" time="0.001"/>
  <testcase classname="calculator.TranslatorImplTest" name="testTranslateDummy" time="0.0"/>
  <testcase classname="calculator.TranslatorImplTest" name="testTranslateDummy" time="0.002"/>
  <testcase classname="calculator.TranslatorImplTest" name="testTranslateDummy" time="0.003"/>
  <testcase classname="calculator.TranslatorImplTest" name="testTranslateDummy" time="0.001"/>
  <testcase classname="calculator.TranslatorImplTest" name="testTranslateDummy" time="0.003"/>
  <testcase classname="calculator.TranslatorImplTest" name="testTranslateDummy" time="0.011"/>
  <testcase classname="calculator.TranslatorImplTest" name="testTranslateDummy" time="0.0"/>
  <testcase classname="calculator.TranslatorImplTest" name="testTranslateDummy" time="0.0"/>
  <testcase classname="calculator.TranslatorImplTest" name="testTranslateDummy" time="0.008"/>
  <testcase classname="calculator.TranslatorImplTest" name="testTranslateDummy" time="0.002"/>
  <testcase classname="calculator.TranslatorImplTest" name="testTranslateDummy" time="0.0"/>
  <testcase classname="calculator.TranslatorImplTest" name="testTranslateDummy" time="0.0"/>
  <testcase classname="calculator.TranslatorImplTest" name="testTranslateDummy" time="0.008"/>
  <testcase classname="calculator.TranslatorImplTest" name="testTranslateDummy" time="0.009"/>
  <testcase classname="calculator.TranslatorImplTest" name="testTranslateDummy" time="0.0"/>
  <testcase classname="calculator.TranslatorImplTest" name="testTranslateDummy" time="0.001"/>
  <testcase classname="calculator.TranslatorImplTest" name="testTranslateDummy" time="0.0"/>
  <testcase classname="calculator.TranslatorImplTest" name="testTranslateDummy" time="0.0"/>
  <testcase classname="calculator.TranslatorImplTest" name="testTranslateDummy" time="0.0"/>
  <testcase classname="calculator.TranslatorImplTest" name="testTranslateDummy" time="0.003"/>
  <testcase classname="calculator.TranslatorImplTest" name="testTranslateDummy" time="0.003"/>
  <testcase classname="calculator.TranslatorImplTest" name="testTranslateDummy" time="0.002"/>
  <testcase classname="calculator.TranslatorImplTest" name="testTranslateDummy" time="0.003"/>
  <testcase classname="calculator.TranslatorImplTest" name="testTranslateDummy" time="0.003"/>
</testsuite> <!-- Surefire test -->
